Produto MOCASSIM FREEWAY COURO CANNES AZUL COBALTO adicionado ao carrinho
Produto Cinto Couro Colcci Largo Feminino - Preto adicionado ao carrinho
Produto MOCASSIM FREEWAY COURO CANNES AZUL COBALTO adicionado ao carrinho
Produto Cinto Couro Diesel B-Star Masculino - Preto adicionado ao carrinho
Produto SIDER MASCULINO FREEWAY NAVY COURO HAVANA 39 adicionado ao carrinho
Produto Sapatilha Klassipé Menina Preto adicionado ao carrinho
Produto Cinto Couro Colcci Largo Feminino - Preto adicionado ao carrinho
Produto SAPATO MASCULINO FREEWAY BOOSTER COURO NIGHT adicionado ao carrinho
Produto Cinto Couro Colcci Largo Feminino - Preto adicionado ao carrinho
Produto Cinto Couro Colcci Largo Feminino - Preto adicionado ao carrinho
Produto Cinto Couro Colcci Largo Feminino - Preto adicionado ao carrinho
Produto Cinto Couro Colcci Largo Feminino - Preto adicionado ao carrinho
Produto Cinto Couro Diesel B-Star Masculino - Preto adicionado ao carrinho
Produto Cinto Couro Diesel B-Star Masculino - Preto adicionado ao carrinho
Produto SAPATO MASCULINO FREEWAY BOOSTER COURO NIGHT adicionado ao carrinho
Produto MOCASSIM FREEWAY COURO CANNES AZUL COBALTO adicionado ao carrinho
Produto SIDER MASCULINO FREEWAY NAVY COURO HAVANA 39 adicionado ao carrinho
Produto SAPATO MASCULINO FREEWAY BOOSTER COURO NIGHT adicionado ao carrinho
Produto Cinto Couro Diesel B-Star Masculino - Preto adicionado ao carrinho
Produto SIDER MASCULINO FREEWAY NAVY COURO HAVANA 39 adicionado ao carrinho
Produto SIDER MASCULINO FREEWAY NAVY COURO HAVANA 39 adicionado ao carrinho
Produto SAPATO MASCULINO FREEWAY BOOSTER COURO NIGHT adicionado ao carrinho
Produto SIDER MASCULINO FREEWAY NAVY COURO HAVANA 39 adicionado ao carrinho
Produto TÊNIS NIKE AIR ZOOM PEGASUS 35 FEMININO adicionado ao carrinho
Produto SAPATO MASCULINO FREEWAY BOOSTER COURO NIGHT adicionado ao carrinho
Produto TÊNIS NIKE AIR ZOOM PEGASUS 35 FEMININO adicionado ao carrinho
Produto Cinto Couro Diesel B-Star Masculino - Preto adicionado ao carrinho
Produto SIDER MASCULINO FREEWAY NAVY COURO HAVANA 39 adicionado ao carrinho
Produto Sapatilha Klassipé Menina Preto adicionado ao carrinho
Produto SIDER MASCULINO FREEWAY NAVY COURO HAVANA 39 adicionado ao carrinho
Produto Cinto Couro Diesel B-Star Masculino - Preto adicionado ao carrinho
Produto TÊNIS NIKE AIR VAPORMAX FEMININO adicionado ao carrinho
Produto Cinto Couro Colcci Largo Feminino - Preto adicionado ao carrinho
Produto Sapatilha Klassipé Menina Preto adicionado ao carrinho
Produto SAPATO MASCULINO FREEWAY BOOSTER COURO NIGHT adicionado ao carrinho
Produto TÊNIS NIKE AIR ZOOM PEGASUS 35 FEMININO adicionado ao carrinho
